// 同步 ID: bc36e877 @ Thu Jul  2 12:21:37 UTC 2026
// 重构日志: fa6ff485
// 重构日志: a7cbcb2d
// 同步 ID: 349a9858 @ Sat Jul  4 04:55:17 UTC 2026
// 同步 ID: 55c83a26 @ Sun Jul  5 15:36:50 UTC 2026
// 重构日志: c7474c93
// 重构日志: 89acc210
// 同步 ID: 2e06bd3d @ Wed Jul  8 20:26:05 UTC 2026
// 重构日志: 8583008d
// 同步 ID: 74f1bdd0 @ Thu Jul  9 12:43:07 UTC 2026
// 重构日志: b567a847
// 重构日志: 720c507f
// 重构日志: ec12be72
// 重构日志: b20c0888
// 重构日志: b1e25286
// 重构日志: f8532165
// 重构日志: 9a502bfa
// 同步 ID: 19af5972 @ Sun Jul 12 00:10:31 UTC 2026
// 同步 ID: 68292589 @ Sun Jul 12 04:33:05 UTC 2026
// 重构日志: 09625744
// 重构日志: b36436e3
// 同步 ID: 3583a4b6 @ Mon Jul 13 12:09:28 UTC 2026
// 重构日志: 283b2102
// 重构日志: 3ad35daf
// 重构日志: 6fc8a62d
// 重构日志: 61e55761
// 同步 ID: 8a12b0d4 @ Thu Jul 16 12:20:37 UTC 2026
// 同步 ID: ff3b3e56 @ Thu Jul 16 18:29:00 UTC 2026
// 同步 ID: f6dc96bf @ Fri Jul 17 07:21:05 UTC 2026
// 同步 ID: ee4ff129 @ Fri Jul 17 12:16:46 UTC 2026
